<?xml version="1.0" encoding="UTF-8" ?>
<testsuite tests="17" failures="0" name="ClientTest" time="0.58" errors="0" skipped="0">
  <properties>
    <property name="java.runtime.name" value="OpenJDK Runtime Environment"/>
    <property name="java.vm.version" value="11.0.3+7-Ubuntu-1ubuntu219.04.1"/>
    <property name="sun.boot.library.path" value="/usr/lib/jvm/java-11-openjdk-amd64/lib"/>
    <property name="maven.multiModuleProjectDirectory" value="/home/verisence/IdeaProjects/hair-salon"/>
    <property name="java.vm.vendor" value="Ubuntu"/>
    <property name="java.vendor.url" value="https://ubuntu.com/"/>
    <property name="guice.disable.misplaced.annotation.check" value="true"/>
    <property name="path.separator" value=":"/>
    <property name="java.vm.name" value="OpenJDK 64-Bit Server VM"/>
    <property name="sun.os.patch.level" value="unknown"/>
    <property name="user.country" value="US"/>
    <property name="sun.java.launcher" value="SUN_STANDARD"/>
    <property name="java.vm.specification.name" value="Java Virtual Machine Specification"/>
    <property name="user.dir" value="/home/verisence/IdeaProjects/hair-salon"/>
    <property name="java.vm.compressedOopsMode" value="32-bit"/>
    <property name="java.runtime.version" value="11.0.3+7-Ubuntu-1ubuntu219.04.1"/>
    <property name="java.awt.graphicsenv" value="sun.awt.X11GraphicsEnvironment"/>
    <property name="os.arch" value="amd64"/>
    <property name="java.io.tmpdir" value="/tmp"/>
    <property name="line.separator" value="
"/>
    <property name="java.vm.specification.vendor" value="Oracle Corporation"/>
    <property name="os.name" value="Linux"/>
    <property name="classworlds.conf" value="/usr/share/maven/bin/m2.conf"/>
    <property name="sun.jnu.encoding" value="UTF-8"/>
    <property name="java.library.path" value="/usr/java/packages/lib:/usr/lib/x86_64-linux-gnu/jni:/lib/x86_64-linux-gnu:/usr/lib/x86_64-linux-gnu:/usr/lib/jni:/lib:/usr/lib"/>
    <property name="maven.conf" value="/usr/share/maven/conf"/>
    <property name="jdk.debug" value="release"/>
    <property name="java.class.version" value="55.0"/>
    <property name="java.specification.name" value="Java Platform API Specification"/>
    <property name="sun.management.compiler" value="HotSpot 64-Bit Tiered Compilers"/>
    <property name="os.version" value="5.0.0-15-generic"/>
    <property name="library.jansi.path" value="/usr/share/maven/lib/jansi-native"/>
    <property name="user.home" value="/home/verisence"/>
    <property name="user.timezone" value="Africa/Nairobi"/>
    <property name="java.awt.printerjob" value="sun.print.PSPrinterJob"/>
    <property name="file.encoding" value="UTF-8"/>
    <property name="java.specification.version" value="11"/>
    <property name="user.name" value="verisence"/>
    <property name="java.class.path" value="/usr/share/maven/boot/plexus-classworlds-2.x.jar"/>
    <property name="java.vm.specification.version" value="11"/>
    <property name="sun.arch.data.model" value="64"/>
    <property name="sun.java.command" value="org.codehaus.plexus.classworlds.launcher.Launcher heroku:deploy"/>
    <property name="java.home" value="/usr/lib/jvm/java-11-openjdk-amd64"/>
    <property name="user.language" value="en"/>
    <property name="java.specification.vendor" value="Oracle Corporation"/>
    <property name="awt.toolkit" value="sun.awt.X11.XToolkit"/>
    <property name="java.vm.info" value="mixed mode, sharing"/>
    <property name="java.version" value="11.0.3"/>
    <property name="securerandom.source" value="file:/dev/./urandom"/>
    <property name="java.vendor" value="Ubuntu"/>
    <property name="maven.home" value="/usr/share/maven"/>
    <property name="file.separator" value="/"/>
    <property name="java.version.date" value="2019-04-16"/>
    <property name="java.vendor.url.bug" value="https://bugs.launchpad.net/ubuntu/+source/openjdk-lts"/>
    <property name="sun.io.unicode.encoding" value="UnicodeLittle"/>
    <property name="sun.cpu.endian" value="little"/>
    <property name="sun.desktop" value="gnome"/>
    <property name="sun.cpu.isalist" value=""/>
  </properties>
  <testcase classname="ClientTest" name="Client_instantiatesWithPhone_String" time="0.002"/>
  <testcase classname="ClientTest" name="Client_instantiatesWithDesc_String" time="0.01"/>
  <testcase classname="ClientTest" name="Client_instantiatesWithAnId" time="0.098"/>
  <testcase classname="ClientTest" name="update_updateClientDescription_true" time="0.066"/>
  <testcase classname="ClientTest" name="Client_instantiatesWithEmail_String" time="0.008"/>
  <testcase classname="ClientTest" name="save_savesStylistIdIntoDB_true" time="0.058"/>
  <testcase classname="ClientTest" name="Client_instantiatesWithName_String" time="0.011"/>
  <testcase classname="ClientTest" name="equals_returnsTrueIfClientsAreSame" time="0.007"/>
  <testcase classname="ClientTest" name="save_returnsTrueIfDescriptionsAreTheSame" time="0.036"/>
  <testcase classname="ClientTest" name="Client_instantiatesCorrectly_true" time="0.008"/>
  <testcase classname="ClientTest" name="getClients_retrievesAllClientsFromDatabase_clientsList" time="0.068"/>
  <testcase classname="ClientTest" name="save_assignsIdToObject" time="0.034"/>
  <testcase classname="ClientTest" name="find_returnsClientWIthSameID_secondClient" time="0.055"/>
  <testcase classname="ClientTest" name="delete_deletesClient_true" time="0.035"/>
  <testcase classname="ClientTest" name="Client_instantiatesWithStylistId_Integer" time="0.008"/>
  <testcase classname="ClientTest" name="save_savesCorrectly" time="0.032"/>
  <testcase classname="ClientTest" name="all_returnsAllInstancesOfClients_true" time="0.044"/>
</testsuite>